<?xml version="1.0" encoding="UTF-8"?>
<testsuite name="com.trs.TaxPayerRepositoryTests" tests="1" skipped="0" failures="0" errors="0" timestamp="2021-04-28T09:44:54" hostname="PF2KSP4A" time="0.322">
  <properties/>
  <testcase name="testFindByLastName()" classname="com.trs.TaxPayerRepositoryTests" time="0.322"/>
  <system-out><![CDATA[16:44:51.380 [Test worker] DEBUG org.springframework.test.context.BootstrapUtils - Instantiating CacheAwareContextLoaderDelegate from class [org.springframework.test.context.cache.DefaultCacheAwareContextLoaderDelegate]
16:44:51.393 [Test worker] DEBUG org.springframework.test.context.BootstrapUtils - Instantiating BootstrapContext using constructor [public org.springframework.test.context.support.DefaultBootstrapContext(java.lang.Class,org.springframework.test.context.CacheAwareContextLoaderDelegate)]
16:44:51.431 [Test worker] DEBUG org.springframework.test.context.BootstrapUtils - Instantiating TestContextBootstrapper for test class [com.trs.TaxPayerRepositoryTests] from class [org.springframework.boot.test.autoconfigure.orm.jpa.DataJpaTestContextBootstrapper]
16:44:51.444 [Test worker] INFO org.springframework.boot.test.autoconfigure.orm.jpa.DataJpaTestContextBootstrapper - Neither @ContextConfiguration nor @ContextHierarchy found for test class [com.trs.TaxPayerRepositoryTests], using SpringBootContextLoader
16:44:51.448 [Test worker] DEBUG org.springframework.test.context.support.AbstractContextLoader - Did not detect default resource location for test class [com.trs.TaxPayerRepositoryTests]: class path resource [com/trs/TaxPayerRepositoryTests-context.xml] does not exist
16:44:51.449 [Test worker] DEBUG org.springframework.test.context.support.AbstractContextLoader - Did not detect default resource location for test class [com.trs.TaxPayerRepositoryTests]: class path resource [com/trs/TaxPayerRepositoryTestsContext.groovy] does not exist
16:44:51.449 [Test worker] INFO org.springframework.test.context.support.AbstractContextLoader - Could not detect default resource locations for test class [com.trs.TaxPayerRepositoryTests]: no resource found for suffixes {-context.xml, Context.groovy}.
16:44:51.450 [Test worker] INFO org.springframework.test.context.support.AnnotationConfigContextLoaderUtils - Could not detect default configuration classes for test class [com.trs.TaxPayerRepositoryTests]: TaxPayerRepositoryTests does not declare any static, non-private, non-final, nested classes annotated with @Configuration.
16:44:51.509 [Test worker] DEBUG org.springframework.test.context.support.ActiveProfilesUtils - Could not find an 'annotation declaring class' for annotation type [org.springframework.test.context.ActiveProfiles] and class [com.trs.TaxPayerRepositoryTests]
16:44:51.565 [Test worker] DEBUG org.springframework.context.annotation.ClassPathScanningCandidateComponentProvider - Identified candidate component class: file [C:\d\personal\jfs\TaxRecordsSystem\TaxRecordsSystem\build\classes\java\main\com\trs\TaxRecordSystemApplication.class]
16:44:51.566 [Test worker] INFO org.springframework.boot.test.context.SpringBootTestContextBootstrapper - Found @SpringBootConfiguration com.trs.TaxRecordSystemApplication for test class com.trs.TaxPayerRepositoryTests
16:44:51.570 [Test worker] DEBUG org.springframework.boot.test.autoconfigure.orm.jpa.DataJpaTestContextBootstrapper - @TestExecutionListeners is not present for class [com.trs.TaxPayerRepositoryTests]: using defaults.
16:44:51.571 [Test worker] INFO org.springframework.boot.test.autoconfigure.orm.jpa.DataJpaTestContextBootstrapper - Loaded default TestExecutionListener class names from location [META-INF/spring.factories]: [org.springframework.boot.test.autoconfigure.restdocs.RestDocsTestExecutionListener, org.springframework.boot.test.autoconfigure.web.client.MockRestServiceServerResetTestExecutionListener, org.springframework.boot.test.autoconfigure.web.servlet.MockMvcPrintOnlyOnFailureTestExecutionListener, org.springframework.boot.test.autoconfigure.web.servlet.WebDriverTestExecutionListener, org.springframework.boot.test.autoconfigure.webservices.client.MockWebServiceServerTestExecutionListener, org.springframework.boot.test.mock.mockito.MockitoTestExecutionListener, org.springframework.boot.test.mock.mockito.ResetMocksTestExecutionListener, org.springframework.test.context.web.ServletTestExecutionListener, org.springframework.test.context.support.DirtiesContextBeforeModesTestExecutionListener, org.springframework.test.context.event.ApplicationEventsTestExecutionListener, org.springframework.test.context.support.DependencyInjectionTestExecutionListener, org.springframework.test.context.support.DirtiesContextTestExecutionListener, org.springframework.test.context.transaction.TransactionalTestExecutionListener, org.springframework.test.context.jdbc.SqlScriptsTestExecutionListener, org.springframework.test.context.event.EventPublishingTestExecutionListener]
16:44:51.578 [Test worker] DEBUG org.springframework.boot.test.autoconfigure.orm.jpa.DataJpaTestContextBootstrapper - Skipping candidate TestExecutionListener [org.springframework.test.context.web.ServletTestExecutionListener] due to a missing dependency. Specify custom listener classes or make the default listener classes and their required dependencies available. Offending class: [javax/servlet/ServletContext]
16:44:51.586 [Test worker] INFO org.springframework.boot.test.autoconfigure.orm.jpa.DataJpaTestContextBootstrapper - Using TestExecutionListeners: [org.springframework.test.context.support.DirtiesContextBeforeModesTestExecutionListener@7d073df1, org.springframework.test.context.event.ApplicationEventsTestExecutionListener@62fb0e88, org.springframework.boot.test.mock.mockito.MockitoTestExecutionListener@162c056e, org.springframework.boot.test.autoconfigure.SpringBootDependencyInjectionTestExecutionListener@6d2ed355, org.springframework.test.context.support.DirtiesContextTestExecutionListener@290283b4, org.springframework.test.context.transaction.TransactionalTestExecutionListener@13375752, org.springframework.test.context.jdbc.SqlScriptsTestExecutionListener@65c6272f, org.springframework.test.context.event.EventPublishingTestExecutionListener@7e69f4b9, org.springframework.boot.test.autoconfigure.restdocs.RestDocsTestExecutionListener@43cbd7e3, org.springframework.boot.test.autoconfigure.web.client.MockRestServiceServerResetTestExecutionListener@6aef950f, org.springframework.boot.test.autoconfigure.web.servlet.MockMvcPrintOnlyOnFailureTestExecutionListener@3ec42822, org.springframework.boot.test.autoconfigure.web.servlet.WebDriverTestExecutionListener@fb9df7f, org.springframework.boot.test.autoconfigure.webservices.client.MockWebServiceServerTestExecutionListener@12d075a4, org.springframework.boot.test.mock.mockito.ResetMocksTestExecutionListener@401cd1c]
16:44:51.590 [Test worker] DEBUG org.springframework.test.context.support.AbstractDirtiesContextTestExecutionListener - Before test class: context [DefaultTestContext@28c34332 testClass = TaxPayerRepositoryTests, testInstance = [null], testMethod = [null], testException = [null], mergedContextConfiguration = [MergedContextConfiguration@338864dc testClass = TaxPayerRepositoryTests, locations = '{}', classes = '{class com.trs.TaxRecordSystemApplication}', contextInitializerClasses = '[]', activeProfiles = '{}', propertySourceLocations = '{}', propertySourceProperties = '{org.springframework.boot.test.autoconfigure.orm.jpa.DataJpaTestContextBootstrapper=true}', contextCustomizers = set[org.springframework.boot.test.autoconfigure.OverrideAutoConfigurationContextCustomizerFactory$DisableAutoConfigurationContextCustomizer@3e1e60ee, org.springframework.boot.test.autoconfigure.actuate.metrics.MetricsExportContextCustomizerFactory$DisableMetricExportContextCustomizer@6d11d8d6, org.springframework.boot.test.autoconfigure.filter.TypeExcludeFiltersContextCustomizer@351584c0, org.springframework.boot.test.autoconfigure.properties.PropertyMappingContextCustomizer@871b3557, org.springframework.boot.test.autoconfigure.web.servlet.WebDriverContextCustomizerFactory$Customizer@66cd7935, [ImportsContextCustomizer@5371a61b key = [org.springframework.boot.autoconfigure.cache.CacheAutoConfiguration, org.springframework.boot.autoconfigure.data.jpa.JpaRepositoriesAutoConfiguration, org.springframework.boot.autoconfigure.flyway.FlywayAutoConfiguration, org.springframework.boot.autoconfigure.jdbc.DataSourceAutoConfiguration, org.springframework.boot.autoconfigure.jdbc.DataSourceTransactionManagerAutoConfiguration, org.springframework.boot.autoconfigure.jdbc.JdbcTemplateAutoConfiguration, org.springframework.boot.autoconfigure.liquibase.LiquibaseAutoConfiguration, org.springframework.boot.autoconfigure.orm.jpa.HibernateJpaAutoConfiguration, org.springframework.boot.autoconfigure.transaction.TransactionAutoConfiguration, org.springframework.boot.test.autoconfigure.jdbc.TestDatabaseAutoConfiguration, org.springframework.boot.test.autoconfigure.orm.jpa.TestEntityManagerAutoConfiguration]], org.springframework.boot.test.context.filter.ExcludeFilterContextCustomizer@6449bd3c, org.springframework.boot.test.json.DuplicateJsonObjectContextCustomizerFactory$DuplicateJsonObjectContextCustomizer@54751f10, org.springframework.boot.test.mock.mockito.MockitoContextCustomizer@0, org.springframework.boot.test.context.SpringBootTestArgs@1, org.springframework.boot.test.context.SpringBootTestWebEnvironment@0], contextLoader = 'org.springframework.boot.test.context.SpringBootContextLoader', parent = [null]], attributes = map[[empty]]], class annotated with @DirtiesContext [false] with mode [null].
16:44:51.601 [Test worker] DEBUG org.springframework.test.context.support.DependencyInjectionTestExecutionListener - Performing dependency injection for test context [[DefaultTestContext@28c34332 testClass = TaxPayerRepositoryTests, testInstance = com.trs.TaxPayerRepositoryTests@2a104cc0, testMethod = [null], testException = [null], mergedContextConfiguration = [MergedContextConfiguration@338864dc testClass = TaxPayerRepositoryTests, locations = '{}', classes = '{class com.trs.TaxRecordSystemApplication}', contextInitializerClasses = '[]', activeProfiles = '{}', propertySourceLocations = '{}', propertySourceProperties = '{org.springframework.boot.test.autoconfigure.orm.jpa.DataJpaTestContextBootstrapper=true}', contextCustomizers = set[org.springframework.boot.test.autoconfigure.OverrideAutoConfigurationContextCustomizerFactory$DisableAutoConfigurationContextCustomizer@3e1e60ee, org.springframework.boot.test.autoconfigure.actuate.metrics.MetricsExportContextCustomizerFactory$DisableMetricExportContextCustomizer@6d11d8d6, org.springframework.boot.test.autoconfigure.filter.TypeExcludeFiltersContextCustomizer@351584c0, org.springframework.boot.test.autoconfigure.properties.PropertyMappingContextCustomizer@871b3557, org.springframework.boot.test.autoconfigure.web.servlet.WebDriverContextCustomizerFactory$Customizer@66cd7935, [ImportsContextCustomizer@5371a61b key = [org.springframework.boot.autoconfigure.cache.CacheAutoConfiguration, org.springframework.boot.autoconfigure.data.jpa.JpaRepositoriesAutoConfiguration, org.springframework.boot.autoconfigure.flyway.FlywayAutoConfiguration, org.springframework.boot.autoconfigure.jdbc.DataSourceAutoConfiguration, org.springframework.boot.autoconfigure.jdbc.DataSourceTransactionManagerAutoConfiguration, org.springframework.boot.autoconfigure.jdbc.JdbcTemplateAutoConfiguration, org.springframework.boot.autoconfigure.liquibase.LiquibaseAutoConfiguration, org.springframework.boot.autoconfigure.orm.jpa.HibernateJpaAutoConfiguration, org.springframework.boot.autoconfigure.transaction.TransactionAutoConfiguration, org.springframework.boot.test.autoconfigure.jdbc.TestDatabaseAutoConfiguration, org.springframework.boot.test.autoconfigure.orm.jpa.TestEntityManagerAutoConfiguration]], org.springframework.boot.test.context.filter.ExcludeFilterContextCustomizer@6449bd3c, org.springframework.boot.test.json.DuplicateJsonObjectContextCustomizerFactory$DuplicateJsonObjectContextCustomizer@54751f10, org.springframework.boot.test.mock.mockito.MockitoContextCustomizer@0, org.springframework.boot.test.context.SpringBootTestArgs@1, org.springframework.boot.test.context.SpringBootTestWebEnvironment@0], contextLoader = 'org.springframework.boot.test.context.SpringBootContextLoader', parent = [null]], attributes = map['org.springframework.test.context.event.ApplicationEventsTestExecutionListener.recordApplicationEvents' -> false]]].
16:44:51.623 [Test worker] DEBUG org.springframework.test.context.support.TestPropertySourceUtils - Adding inlined properties to environment: {spring.jmx.enabled=false, org.springframework.boot.test.autoconfigure.orm.jpa.DataJpaTestContextBootstrapper=true}

  .   ____          _            __ _ _
 /\\ / ___'_ __ _ _(_)_ __  __ _ \ \ \ \
( ( )\___ | '_ | '_| | '_ \/ _` | \ \ \ \
 \\/  ___)| |_)| | | | | || (_| |  ) ) ) )
  '  |____| .__|_| |_|_| |_\__, | / / / /
 =========|_|==============|___/=/_/_/_/
 :: Spring Boot ::                (v2.4.3)

2021-04-28 16:44:51.977  INFO 24128 --- [    Test worker] com.trs.TaxPayerRepositoryTests          : Starting TaxPayerRepositoryTests using Java 11.0.8 on PF2KSP4A with PID 24128 (started by tongh in C:\d\personal\jfs\TaxRecordsSystem\TaxRecordsSystem)
2021-04-28 16:44:51.980  INFO 24128 --- [    Test worker] com.trs.TaxPayerRepositoryTests          : No active profile set, falling back to default profiles: default
2021-04-28 16:44:52.332  INFO 24128 --- [    Test worker] .s.d.r.c.RepositoryConfigurationDelegate : Bootstrapping Spring Data JPA repositories in DEFAULT mode.
2021-04-28 16:44:52.376  INFO 24128 --- [    Test worker] .s.d.r.c.RepositoryConfigurationDelegate : Finished Spring Data repository scanning in 37 ms. Found 1 JPA repository interfaces.
2021-04-28 16:44:52.430  INFO 24128 --- [    Test worker] beddedDataSourceBeanFactoryPostProcessor : Replacing 'dataSource' DataSource bean with embedded version
2021-04-28 16:44:52.595  INFO 24128 --- [    Test worker] o.s.j.d.e.EmbeddedDatabaseFactory        : Starting embedded database: url='jdbc:h2:mem:79f903f1-8a37-4b81-88b4-ca83a4832c6a;DB_CLOSE_DELAY=-1;DB_CLOSE_ON_EXIT=false', username='sa'
2021-04-28 16:44:53.033  INFO 24128 --- [    Test worker] o.hibernate.jpa.internal.util.LogHelper  : HHH000204: Processing PersistenceUnitInfo [name: default]
2021-04-28 16:44:53.089  INFO 24128 --- [    Test worker] org.hibernate.Version                    : HHH000412: Hibernate ORM core version 5.4.28.Final
2021-04-28 16:44:53.239  INFO 24128 --- [    Test worker] o.hibernate.annotations.common.Version   : HCANN000001: Hibernate Commons Annotations {5.1.2.Final}
2021-04-28 16:44:53.394  INFO 24128 --- [    Test worker] org.hibernate.dialect.Dialect            : HHH000400: Using dialect: org.hibernate.dialect.H2Dialect
Hibernate: drop table if exists tax_payer CASCADE 
Hibernate: drop sequence if exists hibernate_sequence
Hibernate: create sequence hibernate_sequence start with 1 increment by 1
Hibernate: create table tax_payer (id bigint not null, address varchar(255) not null, deductible_amount bigint not null, first_name varchar(255) not null, income bigint not null, last_name varchar(255) not null, phone varchar(255) not null, tax_file_number bigint not null, tax_held bigint not null, tax_to_be_returned bigint not null, primary key (id))
Hibernate: alter table tax_payer add constraint UK_rry1w9pauute1o8u2gtfajcdf unique (tax_file_number)
2021-04-28 16:44:53.999  INFO 24128 --- [    Test worker] o.h.e.t.j.p.i.JtaPlatformInitiator       : HHH000490: Using JtaPlatform implementation: [org.hibernate.engine.transaction.jta.platform.internal.NoJtaPlatform]
2021-04-28 16:44:54.010  INFO 24128 --- [    Test worker] j.LocalContainerEntityManagerFactoryBean : Initialized JPA EntityManagerFactory for persistence unit 'default'
2021-04-28 16:44:54.502  INFO 24128 --- [    Test worker] com.trs.TaxPayerRepositoryTests          : Started TaxPayerRepositoryTests in 2.874 seconds (JVM running for 4.148)
Hibernate: call next value for hibernate_sequence
Hibernate: insert into tax_payer (address, deductible_amount, first_name, income, last_name, phone, tax_file_number, tax_held, tax_to_be_returned, id) values (?, ?, ?, ?, ?, ?, ?, ?, ?, ?)
2021-04-28 16:44:54.588  INFO 24128 --- [    Test worker] com.trs.TaxRecordSystemApplication       : TaxPayers found with findAll():
2021-04-28 16:44:54.588  INFO 24128 --- [    Test worker] com.trs.TaxRecordSystemApplication       : -------------------------------
Hibernate: select taxpayer0_.id as id1_0_, taxpayer0_.address as address2_0_, taxpayer0_.deductible_amount as deductib3_0_, taxpayer0_.first_name as first_na4_0_, taxpayer0_.income as income5_0_, taxpayer0_.last_name as last_nam6_0_, taxpayer0_.phone as phone7_0_, taxpayer0_.tax_file_number as tax_file8_0_, taxpayer0_.tax_held as tax_held9_0_, taxpayer0_.tax_to_be_returned as tax_to_10_0_ from tax_payer taxpayer0_
2021-04-28 16:44:54.720  INFO 24128 --- [    Test worker] com.trs.TaxRecordSystemApplication       : TaxPayer{taxFileNnumber=577123, firstName=john, lastName=smith, address=15 Airport road Brisbane, phone=0455111999, income=80000, deductibleAmount=3000, taxHeld=17547, taxToBeReturned=975}
2021-04-28 16:44:54.721  INFO 24128 --- [    Test worker] com.trs.TaxRecordSystemApplication       : 
Hibernate: select taxpayer0_.id as id1_0_, taxpayer0_.address as address2_0_, taxpayer0_.deductible_amount as deductib3_0_, taxpayer0_.first_name as first_na4_0_, taxpayer0_.income as income5_0_, taxpayer0_.last_name as last_nam6_0_, taxpayer0_.phone as phone7_0_, taxpayer0_.tax_file_number as tax_file8_0_, taxpayer0_.tax_held as tax_held9_0_, taxpayer0_.tax_to_be_returned as tax_to_10_0_ from tax_payer taxpayer0_ where taxpayer0_.tax_file_number=?
2021-04-28 16:44:54.762  INFO 24128 --- [    Test worker] com.trs.TaxRecordSystemApplication       : TaxPayer found with findById(577123L):
2021-04-28 16:44:54.762  INFO 24128 --- [    Test worker] com.trs.TaxRecordSystemApplication       : --------------------------------
2021-04-28 16:44:54.762  INFO 24128 --- [    Test worker] com.trs.TaxRecordSystemApplication       : TaxPayer{taxFileNnumber=577123, firstName=john, lastName=smith, address=15 Airport road Brisbane, phone=0455111999, income=80000, deductibleAmount=3000, taxHeld=17547, taxToBeReturned=975}
2021-04-28 16:44:54.762  INFO 24128 --- [    Test worker] com.trs.TaxRecordSystemApplication       : 
2021-04-28 16:44:54.762  INFO 24128 --- [    Test worker] com.trs.TaxRecordSystemApplication       : TaxPayer found with findByLastName('smith'):
2021-04-28 16:44:54.762  INFO 24128 --- [    Test worker] com.trs.TaxRecordSystemApplication       : --------------------------------------------
Hibernate: select taxpayer0_.id as id1_0_, taxpayer0_.address as address2_0_, taxpayer0_.deductible_amount as deductib3_0_, taxpayer0_.first_name as first_na4_0_, taxpayer0_.income as income5_0_, taxpayer0_.last_name as last_nam6_0_, taxpayer0_.phone as phone7_0_, taxpayer0_.tax_file_number as tax_file8_0_, taxpayer0_.tax_held as tax_held9_0_, taxpayer0_.tax_to_be_returned as tax_to_10_0_ from tax_payer taxpayer0_ where taxpayer0_.last_name=?
2021-04-28 16:44:54.771  INFO 24128 --- [    Test worker] com.trs.TaxRecordSystemApplication       : TaxPayer{taxFileNnumber=577123, firstName=john, lastName=smith, address=15 Airport road Brisbane, phone=0455111999, income=80000, deductibleAmount=3000, taxHeld=17547, taxToBeReturned=975}
2021-04-28 16:44:54.772  INFO 24128 --- [    Test worker] com.trs.TaxRecordSystemApplication       : 
2021-04-28 16:44:54.795  INFO 24128 --- [    Test worker] o.s.t.c.transaction.TransactionContext   : Began transaction (1) for test context [DefaultTestContext@28c34332 testClass = TaxPayerRepositoryTests, testInstance = com.trs.TaxPayerRepositoryTests@2a104cc0, testMethod = testFindByLastName@TaxPayerRepositoryTests, testException = [null], mergedContextConfiguration = [MergedContextConfiguration@338864dc testClass = TaxPayerRepositoryTests, locations = '{}', classes = '{class com.trs.TaxRecordSystemApplication}', contextInitializerClasses = '[]', activeProfiles = '{}', propertySourceLocations = '{}', propertySourceProperties = '{org.springframework.boot.test.autoconfigure.orm.jpa.DataJpaTestContextBootstrapper=true}', contextCustomizers = set[org.springframework.boot.test.autoconfigure.OverrideAutoConfigurationContextCustomizerFactory$DisableAutoConfigurationContextCustomizer@3e1e60ee, org.springframework.boot.test.autoconfigure.actuate.metrics.MetricsExportContextCustomizerFactory$DisableMetricExportContextCustomizer@6d11d8d6, org.springframework.boot.test.autoconfigure.filter.TypeExcludeFiltersContextCustomizer@351584c0, org.springframework.boot.test.autoconfigure.properties.PropertyMappingContextCustomizer@871b3557, org.springframework.boot.test.autoconfigure.web.servlet.WebDriverContextCustomizerFactory$Customizer@66cd7935, [ImportsContextCustomizer@5371a61b key = [org.springframework.boot.autoconfigure.cache.CacheAutoConfiguration, org.springframework.boot.autoconfigure.data.jpa.JpaRepositoriesAutoConfiguration, org.springframework.boot.autoconfigure.flyway.FlywayAutoConfiguration, org.springframework.boot.autoconfigure.jdbc.DataSourceAutoConfiguration, org.springframework.boot.autoconfigure.jdbc.DataSourceTransactionManagerAutoConfiguration, org.springframework.boot.autoconfigure.jdbc.JdbcTemplateAutoConfiguration, org.springframework.boot.autoconfigure.liquibase.LiquibaseAutoConfiguration, org.springframework.boot.autoconfigure.orm.jpa.HibernateJpaAutoConfiguration, org.springframework.boot.autoconfigure.transaction.TransactionAutoConfiguration, org.springframework.boot.test.autoconfigure.jdbc.TestDatabaseAutoConfiguration, org.springframework.boot.test.autoconfigure.orm.jpa.TestEntityManagerAutoConfiguration]], org.springframework.boot.test.context.filter.ExcludeFilterContextCustomizer@6449bd3c, org.springframework.boot.test.json.DuplicateJsonObjectContextCustomizerFactory$DuplicateJsonObjectContextCustomizer@54751f10, org.springframework.boot.test.mock.mockito.MockitoContextCustomizer@0, org.springframework.boot.test.context.SpringBootTestArgs@1, org.springframework.boot.test.context.SpringBootTestWebEnvironment@0], contextLoader = 'org.springframework.boot.test.context.SpringBootContextLoader', parent = [null]], attributes = map['org.springframework.test.context.event.ApplicationEventsTestExecutionListener.recordApplicationEvents' -> false]]; transaction manager [org.springframework.orm.jpa.JpaTransactionManager@7151bd0f]; rollback [true]
Hibernate: call next value for hibernate_sequence
Hibernate: insert into tax_payer (address, deductible_amount, first_name, income, last_name, phone, tax_file_number, tax_held, tax_to_be_returned, id) values (?, ?, ?, ?, ?, ?, ?, ?, ?, ?)
Hibernate: select taxpayer0_.id as id1_0_, taxpayer0_.address as address2_0_, taxpayer0_.deductible_amount as deductib3_0_, taxpayer0_.first_name as first_na4_0_, taxpayer0_.income as income5_0_, taxpayer0_.last_name as last_nam6_0_, taxpayer0_.phone as phone7_0_, taxpayer0_.tax_file_number as tax_file8_0_, taxpayer0_.tax_held as tax_held9_0_, taxpayer0_.tax_to_be_returned as tax_to_10_0_ from tax_payer taxpayer0_ where taxpayer0_.last_name=?
2021-04-28 16:44:55.100  INFO 24128 --- [    Test worker] o.s.t.c.transaction.TransactionContext   : Rolled back transaction for test: [DefaultTestContext@28c34332 testClass = TaxPayerRepositoryTests, testInstance = com.trs.TaxPayerRepositoryTests@2a104cc0, testMethod = testFindByLastName@TaxPayerRepositoryTests, testException = [null], mergedContextConfiguration = [MergedContextConfiguration@338864dc testClass = TaxPayerRepositoryTests, locations = '{}', classes = '{class com.trs.TaxRecordSystemApplication}', contextInitializerClasses = '[]', activeProfiles = '{}', propertySourceLocations = '{}', propertySourceProperties = '{org.springframework.boot.test.autoconfigure.orm.jpa.DataJpaTestContextBootstrapper=true}', contextCustomizers = set[org.springframework.boot.test.autoconfigure.OverrideAutoConfigurationContextCustomizerFactory$DisableAutoConfigurationContextCustomizer@3e1e60ee, org.springframework.boot.test.autoconfigure.actuate.metrics.MetricsExportContextCustomizerFactory$DisableMetricExportContextCustomizer@6d11d8d6, org.springframework.boot.test.autoconfigure.filter.TypeExcludeFiltersContextCustomizer@351584c0, org.springframework.boot.test.autoconfigure.properties.PropertyMappingContextCustomizer@871b3557, org.springframework.boot.test.autoconfigure.web.servlet.WebDriverContextCustomizerFactory$Customizer@66cd7935, [ImportsContextCustomizer@5371a61b key = [org.springframework.boot.autoconfigure.cache.CacheAutoConfiguration, org.springframework.boot.autoconfigure.data.jpa.JpaRepositoriesAutoConfiguration, org.springframework.boot.autoconfigure.flyway.FlywayAutoConfiguration, org.springframework.boot.autoconfigure.jdbc.DataSourceAutoConfiguration, org.springframework.boot.autoconfigure.jdbc.DataSourceTransactionManagerAutoConfiguration, org.springframework.boot.autoconfigure.jdbc.JdbcTemplateAutoConfiguration, org.springframework.boot.autoconfigure.liquibase.LiquibaseAutoConfiguration, org.springframework.boot.autoconfigure.orm.jpa.HibernateJpaAutoConfiguration, org.springframework.boot.autoconfigure.transaction.TransactionAutoConfiguration, org.springframework.boot.test.autoconfigure.jdbc.TestDatabaseAutoConfiguration, org.springframework.boot.test.autoconfigure.orm.jpa.TestEntityManagerAutoConfiguration]], org.springframework.boot.test.context.filter.ExcludeFilterContextCustomizer@6449bd3c, org.springframework.boot.test.json.DuplicateJsonObjectContextCustomizerFactory$DuplicateJsonObjectContextCustomizer@54751f10, org.springframework.boot.test.mock.mockito.MockitoContextCustomizer@0, org.springframework.boot.test.context.SpringBootTestArgs@1, org.springframework.boot.test.context.SpringBootTestWebEnvironment@0], contextLoader = 'org.springframework.boot.test.context.SpringBootContextLoader', parent = [null]], attributes = map['org.springframework.test.context.event.ApplicationEventsTestExecutionListener.recordApplicationEvents' -> false]]
]]></system-out>
  <system-err><![CDATA[]]></system-err>
</testsuite>
